<?xml version="1.0" encoding="UTF-8"?>
<!-- Generated by org.testng.reporters.JUnitReportReporter -->
<testsuite hostname="ubuntu-HP-250-G3-Notebook-PC" name="com.example.NewExample" tests="1" failures="0" timestamp="14 Aug 2017 08:57:45 GMT" time="116.732" errors="0">
  <testcase name="f" time="116.732" classname="com.example.NewExample"/>
</testsuite> <!-- com.example.NewExample -->
