<?xml version="1.0" encoding="UTF-8"?>
<!-- Generated by org.testng.reporters.JUnitReportReporter -->
<testsuite hostname="360LP0989" name="com.isometrix.testscript.UserDefinedTabScript" tests="1" failures="0" timestamp="22 Jun 2017 06:35:42 GMT" time="90.380" errors="0">
  <testcase name="testRecordSavedOnUserDefinedPage" time="90.380" classname="com.isometrix.testscript.UserDefinedTabScript"/>
</testsuite> <!-- com.isometrix.testscript.UserDefinedTabScript -->
