<?xml version="1.0" encoding="UTF-8"?>
<!-- Generated by org.testng.reporters.JUnitReportReporter -->
<testsuite hostname="ubuntu-HP-250-G3-Notebook-PC" name="BrowserOpen" tests="1" failures="0" timestamp="10 Aug 2017 07:07:05 GMT" time="13.964" errors="0">
  <testcase name="openBrowser" time="13.964" classname="BrowserOpen"/>
</testsuite> <!-- BrowserOpen -->
